--progress is a global compose flag, better use `docker compose --progress xx build ...
#1 [internal] load local bake definitions
#1 reading from stdin 515B done
#1 DONE 0.0s

#2 [internal] load build definition from Dockerfile
#2 transferring dockerfile: 732B done
#2 DONE 0.0s

#3 [internal] load metadata for docker.io/library/node:20-alpine
#3 DONE 1.4s

#4 [internal] load .dockerignore
#4 transferring context: 106B done
#4 DONE 0.0s

#5 [base 1/1] FROM docker.io/library/node:20-alpine@sha256:fb4cd12c85ee03686f6af5362a0b0d56d50c58a04632e6c0fb8363f609372293
#5 resolve docker.io/library/node:20-alpine@sha256:fb4cd12c85ee03686f6af5362a0b0d56d50c58a04632e6c0fb8363f609372293 0.0s done
#5 DONE 0.0s

#6 [deps 1/3] WORKDIR /app
#6 CACHED

#7 [internal] load build context
#7 transferring context: 3.52kB done
#7 DONE 0.0s

#8 [deps 2/3] COPY package.json package-lock.json ./
#8 DONE 0.0s

#9 [runner 2/6] RUN addgroup --system --gid 1001 nodejs
#9 DONE 0.2s

#10 [deps 3/3] RUN npm ci
#10 ...

#11 [runner 3/6] RUN adduser --system --uid 1001 nextjs
#11 DONE 0.3s

#10 [deps 3/3] RUN npm ci
#10 0.686 npm warn EBADENGINE Unsupported engine {
#10 0.686 npm warn EBADENGINE   package: '@supabase/auth-js@2.110.7',
#10 0.686 npm warn EBADENGINE   required: { node: '>=22.0.0' },
#10 0.686 npm warn EBADENGINE   current: { node: 'v20.20.2', npm: '10.8.2' }
#10 0.686 npm warn EBADENGINE }
#10 0.686 npm warn EBADENGINE Unsupported engine {
#10 0.686 npm warn EBADENGINE   package: '@supabase/functions-js@2.110.7',
#10 0.686 npm warn EBADENGINE   required: { node: '>=22.0.0' },
#10 0.686 npm warn EBADENGINE   current: { node: 'v20.20.2', npm: '10.8.2' }
#10 0.686 npm warn EBADENGINE }
#10 0.687 npm warn EBADENGINE Unsupported engine {
#10 0.687 npm warn EBADENGINE   package: '@supabase/postgrest-js@2.110.7',
#10 0.687 npm warn EBADENGINE   required: { node: '>=22.0.0' },
#10 0.687 npm warn EBADENGINE   current: { node: 'v20.20.2', npm: '10.8.2' }
#10 0.687 npm warn EBADENGINE }
#10 0.687 npm warn EBADENGINE Unsupported engine {
#10 0.687 npm warn EBADENGINE   package: '@supabase/realtime-js@2.110.7',
#10 0.687 npm warn EBADENGINE   required: { node: '>=22.0.0' },
#10 0.687 npm warn EBADENGINE   current: { node: 'v20.20.2', npm: '10.8.2' }
#10 0.687 npm warn EBADENGINE }
#10 0.687 npm warn EBADENGINE Unsupported engine {
#10 0.687 npm warn EBADENGINE   package: '@supabase/storage-js@2.110.7',
#10 0.687 npm warn EBADENGINE   required: { node: '>=22.0.0' },
#10 0.687 npm warn EBADENGINE   current: { node: 'v20.20.2', npm: '10.8.2' }
#10 0.687 npm warn EBADENGINE }
#10 0.687 npm warn EBADENGINE Unsupported engine {
#10 0.687 npm warn EBADENGINE   package: '@supabase/supabase-js@2.110.7',
#10 0.687 npm warn EBADENGINE   required: { node: '>=22.0.0' },
#10 0.687 npm warn EBADENGINE   current: { node: 'v20.20.2', npm: '10.8.2' }
#10 0.687 npm warn EBADENGINE }
#10 140.8 npm error Exit handler never called!
#10 140.8 npm error This is an error with npm itself. Please report this error at:
#10 140.8 npm error   <https://github.com/npm/cli/issues>
#10 140.8 npm error A complete log of this run can be found in: /root/.npm/_logs/2026-07-23T07_13_32_095Z-debug-0.log
#10 DONE 140.9s

#12 [builder 2/4] COPY --from=deps /app/node_modules ./node_modules
#12 DONE 0.1s

#13 [builder 3/4] COPY . .
#13 DONE 0.1s

#14 [builder 4/4] RUN npm run build
#14 0.403 
#14 0.403 > pm-app@0.1.0 build
#14 0.403 > next build
#14 0.403 
#14 0.405 sh: next: not found
#14 ERROR: process "/bin/sh -c npm run build" did not complete successfully: exit code: 127
------
 > [builder 4/4] RUN npm run build:
0.403 
0.403 > pm-app@0.1.0 build
0.403 > next build
0.403 
0.405 sh: next: not found
------
Dockerfile:13

--------------------

  11 |     COPY . .

  12 |     ENV NEXT_TELEMETRY_DISABLED=1

  13 | >>> RUN npm run build

  14 |     

  15 |     FROM base AS runner

--------------------

failed to solve: process "/bin/sh -c npm run build" did not complete successfully: exit code: 127

